Transform.java:2: package net.sf.saxon.option.dom4j does not exist
import net.sf.saxon.option.dom4j.DOM4JObjectModel;
                                ^
Transform.java:3: package net.sf.saxon.option.jdom does not exist
import net.sf.saxon.option.jdom.JDOMObjectModel;
                               ^
Transform.java:4: package net.sf.saxon.option.xom does not exist
import net.sf.saxon.option.xom.XOMObjectModel;
                              ^
Transform.java:5: package net.sf.saxon.s9api does not exist
import net.sf.saxon.s9api.*;
^
Transform.java:25: cannot find symbol
symbol  : class SaxonApiException
location: class Transform
	public void run() throws SaxonApiException {
	                         ^
Transform.java:26: cannot find symbol
symbol  : class Processor
location: class Transform
		Processor proc = new Processor(false);
		^
Transform.java:26: cannot find symbol
symbol  : class Processor
location: class Transform
		Processor proc = new Processor(false);
		                     ^
Transform.java:27: cannot find symbol
symbol  : class XsltCompiler
location: class Transform
		XsltCompiler comp = proc.newXsltCompiler();
		^
Transform.java:33: cannot find symbol
symbol  : class XsltExecutable
location: class Transform
		XsltExecutable exp = comp.compile(new StreamSource(new StringReader(stylesheet)));
		^
Transform.java:35: cannot find symbol
symbol  : class Serializer
location: class Transform
		Serializer out = new Serializer();
		^
Transform.java:35: cannot find symbol
symbol  : class Serializer
location: class Transform
		Serializer out = new Serializer();
		                     ^
Transform.java:36: package Serializer does not exist
		out.setOutputProperty(Serializer.Property.METHOD, "text");
		                                ^
Transform.java:37: cannot find symbol
symbol  : class XsltTransformer
location: class Transform
		XsltTransformer t = exp.load();
		^
Transform.java:38: cannot find symbol
symbol  : class QName
location: class Transform
		t.setInitialTemplate(new QName("main"));
		                         ^
Transform.java:41: cannot find symbol
symbol  : class QName
location: class Transform
		QName paramName = new QName("in");
		^
Transform.java:41: cannot find symbol
symbol  : class QName
location: class Transform
		QName paramName = new QName("in");
		                      ^
Transform.java:45: cannot find symbol
symbol  : class XdmAtomicValue
location: class Transform
			t.setParameter(paramName, new XdmAtomicValue(s));
			                              ^
17 errors
