Transformer.java:57: cannot find symbol
symbol  : class Decimal
location: class Transformer
	public void paramAddDecimal (String key, Decimal value)
	                                         ^
Transformer.java:72: cannot find symbol
symbol  : class bool
location: class Transformer
	public void paramAddBoolean (String key, bool value)
	                                         ^
Transformer.java:59: internal error; cannot instantiate XdmAtomicValue(boolean) at net.sf.saxon.s9api.XdmAtomicValue to ()
		params.put(key, new XdmAtomicValue(value));
		                ^
Transformer.java:74: internal error; cannot instantiate XdmAtomicValue(boolean) at net.sf.saxon.s9api.XdmAtomicValue to ()
		params.put(key, new XdmAtomicValue(value));
		                ^
Transformer.java:119: setParameter(net.sf.saxon.s9api.QName,net.sf.saxon.s9api.XdmValue) in net.sf.saxon.s9api.XsltTransformer cannot be applied to (net.sf.saxon.s9api.QName,java.lang.Object)
			trans.setParameter(new QName(k.toString()), v);
			     ^
5 errors
