Transformer.java:57: cannot find symbol
symbol  : class decimal
location: class Transformer
	public void paramAddDecimal (String key, decimal value)
	                                         ^
Transformer.java:72: cannot find symbol
symbol  : class bool
location: class Transformer
	public void paramAddBoolean (String key, bool value)
	                                         ^
Transformer.java:77: cannot find symbol
symbol  : class URI
location: class java.lang.System
	public void paramAddURI (String key, System.URI value)
	                                           ^
Transformer.java:49: cannot find symbol
symbol  : method put(java.lang.String,net.sf.saxon.s9api.XdmAtomicValue)
location: class java.util.HashMap<java.lang.String,java.lang.String>
		params.put(key, new XdmAtomicValue(value));
		      ^
Transformer.java:54: cannot find symbol
symbol  : method put(java.lang.String,net.sf.saxon.s9api.XdmAtomicValue)
location: class java.util.HashMap<java.lang.String,java.lang.String>
		params.put(key, new XdmAtomicValue(value));
		      ^
Transformer.java:59: internal error; cannot instantiate XdmAtomicValue(boolean) at net.sf.saxon.s9api.XdmAtomicValue to ()
		params.put(key, new XdmAtomicValue(value));
		                ^
Transformer.java:59: cannot find symbol
symbol  : method put(java.lang.String,net.sf.saxon.s9api.XdmAtomicValue)
location: class java.util.HashMap<java.lang.String,java.lang.String>
		params.put(key, new XdmAtomicValue(value));
		      ^
Transformer.java:64: cannot find symbol
symbol  : method put(java.lang.String,net.sf.saxon.s9api.XdmAtomicValue)
location: class java.util.HashMap<java.lang.String,java.lang.String>
		params.put(key, new XdmAtomicValue(value));
		      ^
Transformer.java:69: cannot find symbol
symbol  : method put(java.lang.String,net.sf.saxon.s9api.XdmAtomicValue)
location: class java.util.HashMap<java.lang.String,java.lang.String>
		params.put(key, new XdmAtomicValue(value));
		      ^
Transformer.java:74: internal error; cannot instantiate XdmAtomicValue(boolean) at net.sf.saxon.s9api.XdmAtomicValue to ()
		params.put(key, new XdmAtomicValue(value));
		                ^
Transformer.java:74: cannot find symbol
symbol  : method put(java.lang.String,net.sf.saxon.s9api.XdmAtomicValue)
location: class java.util.HashMap<java.lang.String,java.lang.String>
		params.put(key, new XdmAtomicValue(value));
		      ^
Transformer.java:79: internal error; cannot instantiate XdmAtomicValue(boolean) at net.sf.saxon.s9api.XdmAtomicValue to ()
		params.put(key, new XdmAtomicValue(value));
		                ^
Transformer.java:79: cannot find symbol
symbol  : method put(java.lang.String,net.sf.saxon.s9api.XdmAtomicValue)
location: class java.util.HashMap<java.lang.String,java.lang.String>
		params.put(key, new XdmAtomicValue(value));
		      ^
Transformer.java:84: cannot find symbol
symbol  : method put(java.lang.String,net.sf.saxon.s9api.XdmAtomicValue)
location: class java.util.HashMap<java.lang.String,java.lang.String>
		params.put(key, new XdmAtomicValue(new QName(value.toString())));
		      ^
Transformer.java:119: setParameter(net.sf.saxon.s9api.QName,net.sf.saxon.s9api.XdmValue) in net.sf.saxon.s9api.XsltTransformer cannot be applied to (net.sf.saxon.s9api.QName,java.lang.Object)
			trans.setParameter(new QName(k.toString()), v);
			     ^
15 errors
